Arguments: 
  /usr/local/bin/node /usr/local/Cellar/yarn/1.13.0/libexec/bin/yarn.js add next react react-dom

PATH: 
  /usr/local/bin:/usr/bin:/bin:/usr/sbin:/sbin:/Users/tomankcorn/Library/Android/sdk/emulator:/Users/tomankcorn/Library/Android/sdk/tools:/Users/tomankcorn/Library/Android/sdk/tools/bin:/Users/tomankcorn/Library/Android/sdk/platform-tools:/Users/tomankcorn/Library/Android/sdk/emulator:/Users/tomankcorn/Library/Android/sdk/tools:/Users/tomankcorn/Library/Android/sdk/tools/bin:/Users/tomankcorn/Library/Android/sdk/platform-tools

Yarn version: 
  1.13.0

Node version: 
  13.12.0

Platform: 
  darwin x64

Trace: 
  SyntaxError: /Users/tomankcorn/Projects/personal website/package.json: Unexpected token } in JSON at position 188
      at JSON.parse (<anonymous>)
      at /usr/local/Cellar/yarn/1.13.0/libexec/lib/cli.js:1625:59
      at Generator.next (<anonymous>)
      at step (/usr/local/Cellar/yarn/1.13.0/libexec/lib/cli.js:304:30)
      at /usr/local/Cellar/yarn/1.13.0/libexec/lib/cli.js:315:13

npm manifest: 
  {
    "name": "personal-website",
    "version": "1.0.0",
    "main": "index.js",
    "license": "MIT",
    "scripts": {
      "dev": "next",
      "build": "next build",
      "start": "next start"
    },
  }

yarn manifest: 
  No manifest

Lockfile: 
  No lockfile
